<?xml version="1.0" encoding="UTF-8"?>
<!-- Generated by org.testng.reporters.JUnitReportReporter -->
<testsuite hostname="DESKTOP-HA42MEA" failures="0" tests="1" name="com.hrms.testscript.TC002" time="17.360" errors="0" timestamp="6 Jul 2021 08:04:02 GMT">
  <testcase classname="com.hrms.testscript.TC002" name="tc002" time="17.360"/>
</testsuite> <!-- com.hrms.testscript.TC002 -->
